<?xml version="1.0" encoding="UTF-8"?>
<!-- Generated by org.testng.reporters.JUnitReportReporter -->
<testsuite hostname="DESKTOP-9LLI94A" failures="0" tests="3" name="com.qa.tests.Login" time="34.851" errors="0" timestamp="2022-09-24T15:19:34 IST" skipped="0">
  <testcase classname="com.qa.tests.Login" name="testlogin" time="11.819"/>
  <system-out/>
  <testcase classname="com.qa.tests.Login" name="testlogin" time="11.167"/>
  <system-out/>
  <testcase classname="com.qa.tests.Login" name="testlogin" time="11.865"/>
  <system-out/>
</testsuite> <!-- com.qa.tests.Login -->
